[debug] [2020-11-19T18:00:31.535Z] ----------------------------------------------------------------------
[debug] [2020-11-19T18:00:31.554Z] Command:       /usr/bin/node /usr/local/bin/firebase deploy
[debug] [2020-11-19T18:00:31.555Z] CLI Version:   8.16.2
[debug] [2020-11-19T18:00:31.556Z] Platform:      linux
[debug] [2020-11-19T18:00:31.558Z] Node Version:  v12.19.0
[debug] [2020-11-19T18:00:31.559Z] Time:          Thu Nov 19 2020 23:30:31 GMT+0530 (GMT+05:30)
[debug] [2020-11-19T18:00:31.560Z] ----------------------------------------------------------------------
[debug] [2020-11-19T18:00:31.561Z] 
[debug] [2020-11-19T18:00:31.599Z] > command requires scopes: ["email","openid","https://www.googleapis.com/auth/cloudplatformprojects.readonly","https://www.googleapis.com/auth/firebase","https://www.googleapis.com/auth/cloud-platform"]
[debug] [2020-11-19T18:00:31.600Z] > authorizing via signed-in user
[debug] [2020-11-19T18:00:31.601Z] [iam] checking project moyyn-b6d44 for permissions ["firebase.projects.get","firebasehosting.sites.update"]
[debug] [2020-11-19T18:00:31.610Z] > refreshing access token with scopes: ["email","https://www.googleapis.com/auth/cloud-platform","https://www.googleapis.com/auth/cloudplatformprojects.readonly","https://www.googleapis.com/auth/firebase","openid"]
[debug] [2020-11-19T18:00:31.611Z] >>> HTTP REQUEST POST https://www.googleapis.com/oauth2/v3/token  
 <request body omitted>
[debug] [2020-11-19T18:00:31.871Z] <<< HTTP RESPONSE 200 {"expires":"Mon, 01 Jan 1990 00:00:00 GMT","date":"Thu, 19 Nov 2020 18:00:21 GMT","pragma":"no-cache","cache-control":"no-cache, no-store, max-age=0, must-revalidate","content-type":"application/json; charset=utf-8","vary":"X-Origin, Referer, Origin,Accept-Encoding","server":"scaffolding on HTTPServer2","x-xss-protection":"0","x-frame-options":"SAMEORIGIN","x-content-type-options":"nosniff","alt-svc":"h3-29=\":443\"; ma=2592000,h3-T051=\":443\"; ma=2592000,h3-Q050=\":443\"; ma=2592000,h3-Q046=\":443\"; ma=2592000,h3-Q043=\":443\"; ma=2592000,quic=\":443\"; ma=2592000; v=\"46,43\"","accept-ranges":"none","transfer-encoding":"chunked"}
[debug] [2020-11-19T18:00:31.932Z] >>> HTTP REQUEST POST https://cloudresourcemanager.googleapis.com/v1/projects/moyyn-b6d44:testIamPermissions  
 {"permissions":["firebase.projects.get","firebasehosting.sites.update"]}
[debug] [2020-11-19T18:00:33.520Z] <<< HTTP RESPONSE 200 {"content-type":"application/json; charset=UTF-8","vary":"X-Origin, Referer, Origin,Accept-Encoding","date":"Thu, 19 Nov 2020 18:00:23 GMT","server":"ESF","cache-control":"private","x-xss-protection":"0","x-frame-options":"SAMEORIGIN","x-content-type-options":"nosniff","server-timing":"gfet4t7; dur=1377","alt-svc":"h3-29=\":443\"; ma=2592000,h3-T051=\":443\"; ma=2592000,h3-Q050=\":443\"; ma=2592000,h3-Q046=\":443\"; ma=2592000,h3-Q043=\":443\"; ma=2592000,quic=\":443\"; ma=2592000; v=\"46,43\"","accept-ranges":"none","transfer-encoding":"chunked"}
[debug] [2020-11-19T18:00:33.526Z] >>> HTTP REQUEST GET https://firebase.googleapis.com/v1beta1/projects/moyyn-b6d44  
 
[debug] [2020-11-19T18:00:34.014Z] <<< HTTP RESPONSE 200 {"content-type":"application/json; charset=UTF-8","vary":"X-Origin, Referer, Origin,Accept-Encoding","date":"Thu, 19 Nov 2020 18:00:24 GMT","server":"ESF","cache-control":"private","x-xss-protection":"0","x-frame-options":"SAMEORIGIN","x-content-type-options":"nosniff","alt-svc":"h3-Q050=\":443\"; ma=2592000,h3-29=\":443\"; ma=2592000,h3-T051=\":443\"; ma=2592000,h3-Q046=\":443\"; ma=2592000,h3-Q043=\":443\"; ma=2592000,quic=\":443\"; ma=2592000; v=\"46,43\"","accept-ranges":"none","transfer-encoding":"chunked"}
[info] 
[info] === Deploying to 'moyyn-b6d44'...
[info] 
[info] i  deploying hosting 
[debug] [2020-11-19T18:00:34.024Z] >>> HTTP REQUEST POST https://firebasehosting.googleapis.com/v1beta1/sites/moyyn-b6d44/versions  
 {"config":{},"labels":{"deployment-tool":"cli-firebase"}}
[debug] [2020-11-19T18:00:36.196Z] <<< HTTP RESPONSE 200 {"content-type":"application/json; charset=UTF-8","vary":"X-Origin, Referer, Origin,Accept-Encoding","date":"Thu, 19 Nov 2020 18:00:26 GMT","server":"ESF","cache-control":"private","x-xss-protection":"0","x-frame-options":"SAMEORIGIN","x-content-type-options":"nosniff","alt-svc":"h3-Q050=\":443\"; ma=2592000,h3-29=\":443\"; ma=2592000,h3-T051=\":443\"; ma=2592000,h3-Q046=\":443\"; ma=2592000,h3-Q043=\":443\"; ma=2592000,quic=\":443\"; ma=2592000; v=\"46,43\"","accept-ranges":"none","transfer-encoding":"chunked"}
[info] i  hosting[moyyn-b6d44]: beginning deploy... 
[info] i  hosting[moyyn-b6d44]: found 17 files in build 
[debug] [2020-11-19T18:00:36.759Z] [hosting] hash cache [YnVpbGQ] stored for 17 files
[debug] [2020-11-19T18:00:36.762Z] [hosting][hash queue][FINAL] {"max":429,"min":53,"avg":83.6470588235294,"active":0,"complete":17,"success":17,"errored":0,"retried":0,"total":17,"elapsed":456}
[debug] [2020-11-19T18:00:36.763Z] >>> HTTP REQUEST POST https://firebasehosting.googleapis.com/v1beta1/sites/moyyn-b6d44/versions/0565b327a1545bbb:populateFiles  
 <request body omitted>
[debug] [2020-11-19T18:00:38.878Z] <<< HTTP RESPONSE 200 {"content-type":"application/json; charset=UTF-8","vary":"X-Origin, Referer, Origin,Accept-Encoding","date":"Thu, 19 Nov 2020 18:00:28 GMT","server":"ESF","cache-control":"private","x-xss-protection":"0","x-frame-options":"SAMEORIGIN","x-content-type-options":"nosniff","alt-svc":"h3-Q050=\":443\"; ma=2592000,h3-29=\":443\"; ma=2592000,h3-T051=\":443\"; ma=2592000,h3-Q046=\":443\"; ma=2592000,h3-Q043=\":443\"; ma=2592000,quic=\":443\"; ma=2592000; v=\"46,43\"","accept-ranges":"none","transfer-encoding":"chunked"}
[debug] [2020-11-19T18:00:38.917Z] [hosting][populate queue][FINAL] {"max":2132,"min":2132,"avg":2132,"active":0,"complete":1,"success":1,"errored":0,"retried":0,"total":1,"elapsed":2163}
[debug] [2020-11-19T18:00:38.918Z] [hosting] uploads queued: 10
